<?xml version="1.0" encoding="UTF-8"?>
<!-- Generated by org.testng.reporters.JUnitReportReporter -->
<testsuite hostname="DESKTOP-QBFTON6" failures="0" tests="1" name="com.mystore.testcases.HomePageTest" time="14.394" errors="0" timestamp="2025-09-23T14:40:48 IST" skipped="0">
  <testcase classname="com.mystore.testcases.HomePageTest" name="userinfo" time="14.394"/>
</testsuite> <!-- com.mystore.testcases.HomePageTest -->
