<?xml version="1.0" encoding="UTF-8"?>
<!-- Generated by org.testng.reporters.JUnitReportReporter -->
<testsuite hostname="DESKTOP-QBFTON6" failures="0" tests="2" name="com.mystore.testcases.IndexPageTest" time="16.926" errors="0" timestamp="2025-09-23T14:40:48 IST" skipped="0">
  <testcase classname="com.mystore.testcases.IndexPageTest" name="VerifyTitle" time="8.809"/>
  <testcase classname="com.mystore.testcases.IndexPageTest" name="VerifyLogo" time="8.117"/>
</testsuite> <!-- com.mystore.testcases.IndexPageTest -->
