<?xml version="1.0" encoding="UTF-8"?>
<!-- Generated by org.testng.reporters.JUnitReportReporter -->
<testsuite hostname="DESKTOP-QBFTON6" failures="0" tests="1" name="com.mystore.testcases.AddToCartTest" time="15.989" errors="0" timestamp="2025-09-23T14:50:17 IST" skipped="0">
  <testcase classname="com.mystore.testcases.AddToCartTest" name="AddToCart" time="15.989"/>
</testsuite> <!-- com.mystore.testcases.AddToCartTest -->
