<?xml version="1.0" encoding="UTF-8"?>
<!-- Generated by org.testng.reporters.JUnitReportReporter -->
<testsuite hostname="DESKTOP-QBFTON6" failures="0" tests="1" name="com.mystore.testcases.AccountCreationTest" time="15.225" errors="0" timestamp="2025-09-23T14:50:17 IST" skipped="0">
  <testcase classname="com.mystore.testcases.AccountCreationTest" name="Createaccounttest" time="15.225"/>
</testsuite> <!-- com.mystore.testcases.AccountCreationTest -->
