<?xml version="1.0" encoding="UTF-8"?>
<!-- Generated by org.testng.reporters.JUnitReportReporter -->
<testsuite hostname="DESKTOP-QBFTON6" failures="0" tests="1" name="com.mystore.testcases.SearchResultTest" time="11.221" errors="0" timestamp="2025-09-23T14:47:23 IST" skipped="0">
  <testcase classname="com.mystore.testcases.SearchResultTest" name="prodcutAvailabiltiy" time="11.221"/>
</testsuite> <!-- com.mystore.testcases.SearchResultTest -->
